// 同步 ID: f47cdc46 @ Wed Jul  1 11:06:26 UTC 2026
// 重构日志: ad5c9195
// 重构日志: 8896514f
// 重构日志: ebcd9968
// 重构日志: a3ed1c68
// 重构日志: 23a40e9e
// 同步 ID: 88ed9920 @ Sat Jul  4 16:20:58 UTC 2026
// 同步 ID: 5bb7bdb2 @ Sun Jul  5 08:26:10 UTC 2026
// 同步 ID: 56f5bb7c @ Sun Jul  5 16:40:08 UTC 2026
// 同步 ID: 9cf8ea6a @ Mon Jul  6 16:32:31 UTC 2026
// 重构日志: 8d5c66d2
// 重构日志: e268483c
// 重构日志: 5f2bad83
// 同步 ID: d7bcfc72 @ Wed Jul  8 10:23:25 UTC 2026
// 重构日志: 80ba90ad
// 重构日志: 65a5c275
// 重构日志: 934b5760
// 重构日志: d7657353
// 同步 ID: dc2061c6 @ Fri Jul 10 12:32:13 UTC 2026
// 重构日志: 4d254a55
// 重构日志: 3fd43838
// 重构日志: 12799579
// 同步 ID: 41173885 @ Sun Jul 12 04:53:02 UTC 2026
// 重构日志: a2e1783c
// 同步 ID: e1e9a147 @ Sun Jul 12 11:13:36 UTC 2026
// 重构日志: 39777d42
// 重构日志: 7668cb72
// 同步 ID: d56c61a8 @ Sun Jul 12 19:52:59 UTC 2026
// 重构日志: 3f570df4
// 同步 ID: 01eb2b86 @ Mon Jul 13 23:31:31 UTC 2026
// 重构日志: 0ecd3aa0
